<?xml version="1.0" encoding="UTF-8"?>
<testsuite xmlns:xsi="http://www.w3.org/2001/XMLSchema-instance" xsi:noNamespaceSchemaLocation="https://maven.apache.org/surefire/maven-surefire-plugin/xsd/surefire-test-report-3.0.xsd" version="3.0" name="com.example.AirportGapAPITest" time="3.253" tests="6" errors="0" skipped="0" failures="0">
  <properties>
[...]
</properties>
  <testcase name="calculateDistanceBetweenAirports" classname="com.example.AirportGapAPITest" time="1.728"/>
  <testcase name="validateInvalidAirportCode" classname="com.example.AirportGapAPITest" time="0.319"/>
  <testcase name="getAirportByIATACode" classname="com.example.AirportGapAPITest" time="0.305"/>
  <testcase name="validateUnauthorizedAccess" classname="com.example.AirportGapAPITest" time="0.289"/>
  <testcase name="deleteFavoriteAirport" classname="com.example.AirportGapAPITest" time="0.287"/>
  <testcase name="createFavoriteAirport" classname="com.example.AirportGapAPITest" time="0.309"/>
</testsuite>